{"/home/katoto/version/JSAU/jsau-webserver/app.js": {"path":"/home/katoto/version/JSAU/jsau-webserver/app.js","statementMap":{"0":{"start":{"line":1,"column":18},"end":{"line":1,"column":40}},"1":{"start":{"line":2,"column":14},"end":{"line":2,"column":32}},"2":{"start":{"line":3,"column":11},"end":{"line":3,"column":26}},"3":{"start":{"line":4,"column":19},"end":{"line":4,"column":43}},"4":{"start":{"line":5,"column":13},"end":{"line":5,"column":30}},"5":{"start":{"line":6,"column":15},"end":{"line":6,"column":34}},"6":{"start":{"line":8,"column":10},"end":{"line":8,"column":19}},"7":{"start":{"line":10,"column":18},"end":{"line":10,"column":43}},"8":{"start":{"line":12,"column":0},"end":{"line":15,"column":2}},"9":{"start":{"line":17,"column":0},"end":{"line":17,"column":23}},"10":{"start":{"line":18,"column":0},"end":{"line":18,"column":24}},"11":{"start":{"line":19,"column":0},"end":{"line":19,"column":47}},"12":{"start":{"line":20,"column":0},"end":{"line":20,"column":24}},"13":{"start":{"line":21,"column":0},"end":{"line":21,"column":56}},"14":{"start":{"line":23,"column":0},"end":{"line":23,"column":26}},"15":{"start":{"line":25,"column":0},"end":{"line":27,"column":2}},"16":{"start":{"line":26,"column":4},"end":{"line":26,"column":27}},"17":{"start":{"line":30,"column":0},"end":{"line":40,"column":2}},"18":{"start":{"line":31,"column":4},"end":{"line":31,"column":34}},"19":{"start":{"line":32,"column":4},"end":{"line":32,"column":37}},"20":{"start":{"line":33,"column":4},"end":{"line":33,"column":71}},"21":{"start":{"line":35,"column":4},"end":{"line":35,"column":34}},"22":{"start":{"line":36,"column":4},"end":{"line":39,"column":6}},"23":{"start":{"line":42,"column":0},"end":{"line":42,"column":21}}},"fnMap":{"0":{"name":"(anonymous_0)","decl":{"start":{"line":25,"column":8},"end":{"line":25,"column":9}},"loc":{"start":{"line":25,"column":28},"end":{"line":27,"column":1}},"line":25},"1":{"name":"(anonymous_1)","decl":{"start":{"line":30,"column":8},"end":{"line":30,"column":9}},"loc":{"start":{"line":30,"column":33},"end":{"line":40,"column":1}},"line":30}},"branchMap":{"0":{"loc":{"start":{"line":33,"column":23},"end":{"line":33,"column":70}},"type":"cond-expr","locations":[{"start":{"line":33,"column":62},"end":{"line":33,"column":65}},{"start":{"line":33,"column":68},"end":{"line":33,"column":70}}],"line":33},"1":{"loc":{"start":{"line":35,"column":15},"end":{"line":35,"column":32}},"type":"binary-expr","locations":[{"start":{"line":35,"column":15},"end":{"line":35,"column":25}},{"start":{"line":35,"column":29},"end":{"line":35,"column":32}}],"line":35}},"s":{"0":1,"1":1,"2":1,"3":1,"4":1,"5":1,"6":1,"7":1,"8":1,"9":1,"10":1,"11":1,"12":1,"13":1,"14":1,"15":1,"16":0,"17":1,"18":0,"19":0,"20":0,"21":0,"22":0,"23":1},"f":{"0":0,"1":0},"b":{"0":[0,0],"1":[0,0]},"_coverageSchema":"1a1c01bbd47fc00a2c39e90264f33305004495a9","hash":"df1e7cdc4e817e75ff8e44e1580b483977451ce0"}
,"/home/katoto/version/JSAU/jsau-webserver/bin/pathJson.js": {"path":"/home/katoto/version/JSAU/jsau-webserver/bin/pathJson.js","statementMap":{"0":{"start":{"line":1,"column":13},"end":{"line":1,"column":28}},"1":{"start":{"line":3,"column":0},"end":{"line":7,"column":1}}},"fnMap":{},"branchMap":{},"s":{"0":1,"1":1},"f":{},"b":{},"_coverageSchema":"1a1c01bbd47fc00a2c39e90264f33305004495a9","hash":"9fb96154da962122fd50f2d4c780232d8f727fea"}
,"/home/katoto/version/JSAU/jsau-webserver/controllers/controller.js": {"path":"/home/katoto/version/JSAU/jsau-webserver/controllers/controller.js","statementMap":{"0":{"start":{"line":1,"column":12},"end":{"line":1,"column":38}},"1":{"start":{"line":3,"column":0},"end":{"line":150,"column":1}},"2":{"start":{"line":5,"column":8},"end":{"line":5,"column":33}},"3":{"start":{"line":8,"column":8},"end":{"line":24,"column":10}},"4":{"start":{"line":9,"column":23},"end":{"line":13,"column":13}},"5":{"start":{"line":14,"column":12},"end":{"line":16,"column":13}},"6":{"start":{"line":15,"column":16},"end":{"line":15,"column":51}},"7":{"start":{"line":17,"column":12},"end":{"line":19,"column":13}},"8":{"start":{"line":18,"column":16},"end":{"line":18,"column":47}},"9":{"start":{"line":20,"column":12},"end":{"line":22,"column":13}},"10":{"start":{"line":21,"column":16},"end":{"line":21,"column":45}},"11":{"start":{"line":23,"column":12},"end":{"line":23,"column":41}},"12":{"start":{"line":27,"column":8},"end":{"line":47,"column":10}},"13":{"start":{"line":28,"column":23},"end":{"line":30,"column":13}},"14":{"start":{"line":31,"column":12},"end":{"line":33,"column":13}},"15":{"start":{"line":32,"column":16},"end":{"line":32,"column":51}},"16":{"start":{"line":34,"column":12},"end":{"line":36,"column":13}},"17":{"start":{"line":35,"column":16},"end":{"line":35,"column":47}},"18":{"start":{"line":37,"column":12},"end":{"line":46,"column":13}},"19":{"start":{"line":38,"column":16},"end":{"line":38,"column":53}},"20":{"start":{"line":39,"column":16},"end":{"line":39,"column":35}},"21":{"start":{"line":40,"column":16},"end":{"line":40,"column":45}},"22":{"start":{"line":42,"column":16},"end":{"line":42,"column":60}},"23":{"start":{"line":43,"column":16},"end":{"line":43,"column":37}},"24":{"start":{"line":44,"column":16},"end":{"line":44,"column":40}},"25":{"start":{"line":45,"column":16},"end":{"line":45,"column":47}},"26":{"start":{"line":50,"column":8},"end":{"line":61,"column":9}},"27":{"start":{"line":51,"column":23},"end":{"line":51,"column":106}},"28":{"start":{"line":52,"column":12},"end":{"line":58,"column":14}},"29":{"start":{"line":53,"column":16},"end":{"line":57,"column":17}},"30":{"start":{"line":54,"column":20},"end":{"line":54,"column":58}},"31":{"start":{"line":56,"column":20},"end":{"line":56,"column":111}},"32":{"start":{"line":60,"column":12},"end":{"line":60,"column":97}},"33":{"start":{"line":64,"column":19},"end":{"line":64,"column":40}},"34":{"start":{"line":65,"column":19},"end":{"line":65,"column":28}},"35":{"start":{"line":66,"column":8},"end":{"line":66,"column":88}},"36":{"start":{"line":66,"column":28},"end":{"line":66,"column":87}},"37":{"start":{"line":67,"column":8},"end":{"line":73,"column":10}},"38":{"start":{"line":68,"column":12},"end":{"line":72,"column":13}},"39":{"start":{"line":69,"column":16},"end":{"line":69,"column":76}},"40":{"start":{"line":71,"column":16},"end":{"line":71,"column":82}},"41":{"start":{"line":76,"column":19},"end":{"line":76,"column":21}},"42":{"start":{"line":77,"column":8},"end":{"line":77,"column":40}},"43":{"start":{"line":78,"column":8},"end":{"line":83,"column":9}},"44":{"start":{"line":84,"column":8},"end":{"line":90,"column":10}},"45":{"start":{"line":85,"column":12},"end":{"line":89,"column":13}},"46":{"start":{"line":86,"column":16},"end":{"line":86,"column":76}},"47":{"start":{"line":88,"column":16},"end":{"line":88,"column":90}},"48":{"start":{"line":93,"column":8},"end":{"line":99,"column":10}},"49":{"start":{"line":94,"column":12},"end":{"line":98,"column":13}},"50":{"start":{"line":95,"column":16},"end":{"line":95,"column":55}},"51":{"start":{"line":97,"column":16},"end":{"line":97,"column":61}},"52":{"start":{"line":102,"column":8},"end":{"line":108,"column":10}},"53":{"start":{"line":103,"column":12},"end":{"line":107,"column":13}},"54":{"start":{"line":104,"column":16},"end":{"line":104,"column":76}},"55":{"start":{"line":106,"column":16},"end":{"line":106,"column":82}},"56":{"start":{"line":111,"column":8},"end":{"line":117,"column":10}},"57":{"start":{"line":112,"column":12},"end":{"line":116,"column":13}},"58":{"start":{"line":113,"column":16},"end":{"line":113,"column":76}},"59":{"start":{"line":115,"column":16},"end":{"line":115,"column":82}},"60":{"start":{"line":120,"column":8},"end":{"line":126,"column":10}},"61":{"start":{"line":121,"column":12},"end":{"line":125,"column":13}},"62":{"start":{"line":122,"column":16},"end":{"line":122,"column":76}},"63":{"start":{"line":124,"column":16},"end":{"line":124,"column":82}},"64":{"start":{"line":129,"column":8},"end":{"line":148,"column":10}},"65":{"start":{"line":131,"column":12},"end":{"line":146,"column":13}},"66":{"start":{"line":132,"column":16},"end":{"line":136,"column":17}},"67":{"start":{"line":138,"column":16},"end":{"line":145,"column":17}},"68":{"start":{"line":147,"column":12},"end":{"line":147,"column":44}}},"fnMap":{"0":{"name":"(anonymous_0)","decl":{"start":{"line":4,"column":10},"end":{"line":4,"column":11}},"loc":{"start":{"line":4,"column":30},"end":{"line":6,"column":5}},"line":4},"1":{"name":"(anonymous_1)","decl":{"start":{"line":7,"column":13},"end":{"line":7,"column":14}},"loc":{"start":{"line":7,"column":33},"end":{"line":25,"column":5}},"line":7},"2":{"name":"(anonymous_2)","decl":{"start":{"line":8,"column":24},"end":{"line":8,"column":25}},"loc":{"start":{"line":8,"column":39},"end":{"line":24,"column":9}},"line":8},"3":{"name":"(anonymous_3)","decl":{"start":{"line":26,"column":12},"end":{"line":26,"column":13}},"loc":{"start":{"line":26,"column":32},"end":{"line":48,"column":5}},"line":26},"4":{"name":"(anonymous_4)","decl":{"start":{"line":27,"column":36},"end":{"line":27,"column":37}},"loc":{"start":{"line":27,"column":50},"end":{"line":47,"column":9}},"line":27},"5":{"name":"(anonymous_5)","decl":{"start":{"line":49,"column":15},"end":{"line":49,"column":16}},"loc":{"start":{"line":49,"column":35},"end":{"line":62,"column":5}},"line":49},"6":{"name":"(anonymous_6)","decl":{"start":{"line":52,"column":35},"end":{"line":52,"column":36}},"loc":{"start":{"line":52,"column":49},"end":{"line":58,"column":13}},"line":52},"7":{"name":"(anonymous_7)","decl":{"start":{"line":63,"column":12},"end":{"line":63,"column":13}},"loc":{"start":{"line":63,"column":32},"end":{"line":74,"column":5}},"line":63},"8":{"name":"(anonymous_8)","decl":{"start":{"line":66,"column":21},"end":{"line":66,"column":22}},"loc":{"start":{"line":66,"column":28},"end":{"line":66,"column":87}},"line":66},"9":{"name":"(anonymous_9)","decl":{"start":{"line":67,"column":46},"end":{"line":67,"column":47}},"loc":{"start":{"line":67,"column":64},"end":{"line":73,"column":9}},"line":67},"10":{"name":"(anonymous_10)","decl":{"start":{"line":75,"column":12},"end":{"line":75,"column":13}},"loc":{"start":{"line":75,"column":32},"end":{"line":91,"column":5}},"line":75},"11":{"name":"(anonymous_11)","decl":{"start":{"line":84,"column":59},"end":{"line":84,"column":60}},"loc":{"start":{"line":84,"column":77},"end":{"line":90,"column":9}},"line":84},"12":{"name":"(anonymous_12)","decl":{"start":{"line":92,"column":15},"end":{"line":92,"column":16}},"loc":{"start":{"line":92,"column":35},"end":{"line":100,"column":5}},"line":92},"13":{"name":"(anonymous_13)","decl":{"start":{"line":93,"column":56},"end":{"line":93,"column":57}},"loc":{"start":{"line":93,"column":74},"end":{"line":99,"column":9}},"line":93},"14":{"name":"(anonymous_14)","decl":{"start":{"line":101,"column":12},"end":{"line":101,"column":13}},"loc":{"start":{"line":101,"column":32},"end":{"line":109,"column":5}},"line":101},"15":{"name":"(anonymous_15)","decl":{"start":{"line":102,"column":93},"end":{"line":102,"column":94}},"loc":{"start":{"line":102,"column":111},"end":{"line":108,"column":9}},"line":102},"16":{"name":"(anonymous_16)","decl":{"start":{"line":110,"column":12},"end":{"line":110,"column":13}},"loc":{"start":{"line":110,"column":32},"end":{"line":118,"column":5}},"line":110},"17":{"name":"(anonymous_17)","decl":{"start":{"line":111,"column":111},"end":{"line":111,"column":112}},"loc":{"start":{"line":111,"column":129},"end":{"line":117,"column":9}},"line":111},"18":{"name":"(anonymous_18)","decl":{"start":{"line":119,"column":15},"end":{"line":119,"column":16}},"loc":{"start":{"line":119,"column":35},"end":{"line":127,"column":5}},"line":119},"19":{"name":"(anonymous_19)","decl":{"start":{"line":120,"column":78},"end":{"line":120,"column":79}},"loc":{"start":{"line":120,"column":96},"end":{"line":126,"column":9}},"line":120},"20":{"name":"(anonymous_20)","decl":{"start":{"line":128,"column":12},"end":{"line":128,"column":13}},"loc":{"start":{"line":128,"column":32},"end":{"line":149,"column":5}},"line":128},"21":{"name":"(anonymous_21)","decl":{"start":{"line":129,"column":36},"end":{"line":129,"column":37}},"loc":{"start":{"line":129,"column":53},"end":{"line":148,"column":9}},"line":129}},"branchMap":{"0":{"loc":{"start":{"line":14,"column":12},"end":{"line":16,"column":13}},"type":"if","locations":[{"start":{"line":14,"column":12},"end":{"line":16,"column":13}},{"start":{"line":14,"column":12},"end":{"line":16,"column":13}}],"line":14},"1":{"loc":{"start":{"line":17,"column":12},"end":{"line":19,"column":13}},"type":"if","locations":[{"start":{"line":17,"column":12},"end":{"line":19,"column":13}},{"start":{"line":17,"column":12},"end":{"line":19,"column":13}}],"line":17},"2":{"loc":{"start":{"line":20,"column":12},"end":{"line":22,"column":13}},"type":"if","locations":[{"start":{"line":20,"column":12},"end":{"line":22,"column":13}},{"start":{"line":20,"column":12},"end":{"line":22,"column":13}}],"line":20},"3":{"loc":{"start":{"line":31,"column":12},"end":{"line":33,"column":13}},"type":"if","locations":[{"start":{"line":31,"column":12},"end":{"line":33,"column":13}},{"start":{"line":31,"column":12},"end":{"line":33,"column":13}}],"line":31},"4":{"loc":{"start":{"line":34,"column":12},"end":{"line":36,"column":13}},"type":"if","locations":[{"start":{"line":34,"column":12},"end":{"line":36,"column":13}},{"start":{"line":34,"column":12},"end":{"line":36,"column":13}}],"line":34},"5":{"loc":{"start":{"line":37,"column":12},"end":{"line":46,"column":13}},"type":"if","locations":[{"start":{"line":37,"column":12},"end":{"line":46,"column":13}},{"start":{"line":37,"column":12},"end":{"line":46,"column":13}}],"line":37},"6":{"loc":{"start":{"line":50,"column":8},"end":{"line":61,"column":9}},"type":"if","locations":[{"start":{"line":50,"column":8},"end":{"line":61,"column":9}},{"start":{"line":50,"column":8},"end":{"line":61,"column":9}}],"line":50},"7":{"loc":{"start":{"line":50,"column":12},"end":{"line":50,"column":105}},"type":"binary-expr","locations":[{"start":{"line":50,"column":12},"end":{"line":50,"column":33}},{"start":{"line":50,"column":37},"end":{"line":50,"column":59}},{"start":{"line":50,"column":63},"end":{"line":50,"column":105}}],"line":50},"8":{"loc":{"start":{"line":53,"column":16},"end":{"line":57,"column":17}},"type":"if","locations":[{"start":{"line":53,"column":16},"end":{"line":57,"column":17}},{"start":{"line":53,"column":16},"end":{"line":57,"column":17}}],"line":53},"9":{"loc":{"start":{"line":68,"column":12},"end":{"line":72,"column":13}},"type":"if","locations":[{"start":{"line":68,"column":12},"end":{"line":72,"column":13}},{"start":{"line":68,"column":12},"end":{"line":72,"column":13}}],"line":68},"10":{"loc":{"start":{"line":85,"column":12},"end":{"line":89,"column":13}},"type":"if","locations":[{"start":{"line":85,"column":12},"end":{"line":89,"column":13}},{"start":{"line":85,"column":12},"end":{"line":89,"column":13}}],"line":85},"11":{"loc":{"start":{"line":94,"column":12},"end":{"line":98,"column":13}},"type":"if","locations":[{"start":{"line":94,"column":12},"end":{"line":98,"column":13}},{"start":{"line":94,"column":12},"end":{"line":98,"column":13}}],"line":94},"12":{"loc":{"start":{"line":103,"column":12},"end":{"line":107,"column":13}},"type":"if","locations":[{"start":{"line":103,"column":12},"end":{"line":107,"column":13}},{"start":{"line":103,"column":12},"end":{"line":107,"column":13}}],"line":103},"13":{"loc":{"start":{"line":112,"column":12},"end":{"line":116,"column":13}},"type":"if","locations":[{"start":{"line":112,"column":12},"end":{"line":116,"column":13}},{"start":{"line":112,"column":12},"end":{"line":116,"column":13}}],"line":112},"14":{"loc":{"start":{"line":121,"column":12},"end":{"line":125,"column":13}},"type":"if","locations":[{"start":{"line":121,"column":12},"end":{"line":125,"column":13}},{"start":{"line":121,"column":12},"end":{"line":125,"column":13}}],"line":121},"15":{"loc":{"start":{"line":131,"column":12},"end":{"line":146,"column":13}},"type":"if","locations":[{"start":{"line":131,"column":12},"end":{"line":146,"column":13}},{"start":{"line":131,"column":12},"end":{"line":146,"column":13}}],"line":131}},"s":{"0":1,"1":1,"2":1,"3":1,"4":1,"5":1,"6":0,"7":1,"8":0,"9":1,"10":0,"11":1,"12":0,"13":0,"14":0,"15":0,"16":0,"17":0,"18":0,"19":0,"20":0,"21":0,"22":0,"23":0,"24":0,"25":0,"26":0,"27":0,"28":0,"29":0,"30":0,"31":0,"32":0,"33":0,"34":0,"35":0,"36":0,"37":0,"38":0,"39":0,"40":0,"41":0,"42":0,"43":0,"44":0,"45":0,"46":0,"47":0,"48":0,"49":0,"50":0,"51":0,"52":0,"53":0,"54":0,"55":0,"56":0,"57":0,"58":0,"59":0,"60":0,"61":0,"62":0,"63":0,"64":0,"65":0,"66":0,"67":0,"68":0},"f":{"0":1,"1":1,"2":1,"3":0,"4":0,"5":0,"6":0,"7":0,"8":0,"9":0,"10":0,"11":0,"12":0,"13":0,"14":0,"15":0,"16":0,"17":0,"18":0,"19":0,"20":0,"21":0},"b":{"0":[0,1],"1":[0,1],"2":[0,1],"3":[0,0],"4":[0,0],"5":[0,0],"6":[0,0],"7":[0,0,0],"8":[0,0],"9":[0,0],"10":[0,0],"11":[0,0],"12":[0,0],"13":[0,0],"14":[0,0],"15":[0,0]},"_coverageSchema":"1a1c01bbd47fc00a2c39e90264f33305004495a9","hash":"743c5421da6baccdfe20248a9841f5198e4ecc4b"}
,"/home/katoto/version/JSAU/jsau-webserver/models/model.js": {"path":"/home/katoto/version/JSAU/jsau-webserver/models/model.js","statementMap":{"0":{"start":{"line":1,"column":19},"end":{"line":1,"column":41}},"1":{"start":{"line":2,"column":21},"end":{"line":2,"column":36}},"2":{"start":{"line":3,"column":36},"end":{"line":3,"column":62}},"3":{"start":{"line":7,"column":0},"end":{"line":13,"column":7}},"4":{"start":{"line":9,"column":8},"end":{"line":9,"column":38}},"5":{"start":{"line":12,"column":8},"end":{"line":12,"column":19}},"6":{"start":{"line":15,"column":0},"end":{"line":21,"column":7}},"7":{"start":{"line":17,"column":8},"end":{"line":17,"column":39}},"8":{"start":{"line":20,"column":8},"end":{"line":20,"column":19}},"9":{"start":{"line":23,"column":0},"end":{"line":29,"column":7}},"10":{"start":{"line":25,"column":8},"end":{"line":25,"column":39}},"11":{"start":{"line":28,"column":8},"end":{"line":28,"column":19}},"12":{"start":{"line":33,"column":8},"end":{"line":33,"column":59}},"13":{"start":{"line":37,"column":8},"end":{"line":37,"column":26}},"14":{"start":{"line":41,"column":24},"end":{"line":41,"column":64}},"15":{"start":{"line":41,"column":47},"end":{"line":41,"column":63}},"16":{"start":{"line":42,"column":8},"end":{"line":44,"column":9}},"17":{"start":{"line":43,"column":12},"end":{"line":43,"column":67}},"18":{"start":{"line":45,"column":25},"end":{"line":45,"column":77}},"19":{"start":{"line":45,"column":51},"end":{"line":45,"column":76}},"20":{"start":{"line":46,"column":8},"end":{"line":46,"column":49}},"21":{"start":{"line":51,"column":8},"end":{"line":80,"column":9}},"22":{"start":{"line":52,"column":12},"end":{"line":52,"column":78}},"23":{"start":{"line":54,"column":26},"end":{"line":54,"column":34}},"24":{"start":{"line":55,"column":28},"end":{"line":55,"column":30}},"25":{"start":{"line":56,"column":12},"end":{"line":56,"column":50}},"26":{"start":{"line":57,"column":27},"end":{"line":57,"column":31}},"27":{"start":{"line":58,"column":12},"end":{"line":66,"column":14}},"28":{"start":{"line":60,"column":16},"end":{"line":62,"column":17}},"29":{"start":{"line":61,"column":20},"end":{"line":61,"column":37}},"30":{"start":{"line":63,"column":30},"end":{"line":63,"column":38}},"31":{"start":{"line":64,"column":16},"end":{"line":64,"column":39}},"32":{"start":{"line":65,"column":16},"end":{"line":65,"column":78}},"33":{"start":{"line":67,"column":12},"end":{"line":79,"column":13}},"34":{"start":{"line":68,"column":16},"end":{"line":68,"column":68}},"35":{"start":{"line":68,"column":50},"end":{"line":68,"column":66}},"36":{"start":{"line":69,"column":16},"end":{"line":69,"column":78}},"37":{"start":{"line":69,"column":52},"end":{"line":69,"column":77}},"38":{"start":{"line":70,"column":16},"end":{"line":70,"column":82}},"39":{"start":{"line":72,"column":16},"end":{"line":78,"column":17}},"40":{"start":{"line":73,"column":20},"end":{"line":73,"column":90}},"41":{"start":{"line":74,"column":20},"end":{"line":74,"column":91}},"42":{"start":{"line":75,"column":20},"end":{"line":75,"column":63}},"43":{"start":{"line":77,"column":20},"end":{"line":77,"column":35}},"44":{"start":{"line":84,"column":20},"end":{"line":84,"column":24}},"45":{"start":{"line":85,"column":21},"end":{"line":85,"column":23}},"46":{"start":{"line":86,"column":8},"end":{"line":119,"column":9}},"47":{"start":{"line":87,"column":12},"end":{"line":87,"column":78}},"48":{"start":{"line":89,"column":12},"end":{"line":107,"column":15}},"49":{"start":{"line":91,"column":16},"end":{"line":93,"column":17}},"50":{"start":{"line":92,"column":20},"end":{"line":92,"column":34}},"51":{"start":{"line":94,"column":28},"end":{"line":94,"column":88}},"52":{"start":{"line":94,"column":55},"end":{"line":94,"column":87}},"53":{"start":{"line":95,"column":16},"end":{"line":106,"column":17}},"54":{"start":{"line":96,"column":20},"end":{"line":96,"column":34}},"55":{"start":{"line":98,"column":34},"end":{"line":98,"column":92}},"56":{"start":{"line":98,"column":59},"end":{"line":98,"column":91}},"57":{"start":{"line":99,"column":20},"end":{"line":105,"column":21}},"58":{"start":{"line":100,"column":36},"end":{"line":100,"column":44}},"59":{"start":{"line":101,"column":24},"end":{"line":101,"column":56}},"60":{"start":{"line":108,"column":12},"end":{"line":118,"column":13}},"61":{"start":{"line":109,"column":16},"end":{"line":109,"column":53}},"62":{"start":{"line":110,"column":16},"end":{"line":115,"column":17}},"63":{"start":{"line":111,"column":20},"end":{"line":111,"column":91}},"64":{"start":{"line":112,"column":20},"end":{"line":112,"column":71}},"65":{"start":{"line":114,"column":20},"end":{"line":114,"column":35}},"66":{"start":{"line":117,"column":16},"end":{"line":117,"column":97}},"67":{"start":{"line":123,"column":19},"end":{"line":123,"column":57}},"68":{"start":{"line":123,"column":40},"end":{"line":123,"column":56}},"69":{"start":{"line":124,"column":8},"end":{"line":140,"column":9}},"70":{"start":{"line":125,"column":12},"end":{"line":125,"column":78}},"71":{"start":{"line":127,"column":26},"end":{"line":127,"column":76}},"72":{"start":{"line":127,"column":50},"end":{"line":127,"column":75}},"73":{"start":{"line":128,"column":12},"end":{"line":128,"column":48}},"74":{"start":{"line":128,"column":41},"end":{"line":128,"column":47}},"75":{"start":{"line":129,"column":12},"end":{"line":129,"column":84}},"76":{"start":{"line":129,"column":48},"end":{"line":129,"column":83}},"77":{"start":{"line":130,"column":12},"end":{"line":130,"column":74}},"78":{"start":{"line":130,"column":48},"end":{"line":130,"column":73}},"79":{"start":{"line":131,"column":12},"end":{"line":131,"column":63}},"80":{"start":{"line":131,"column":46},"end":{"line":131,"column":62}},"81":{"start":{"line":132,"column":12},"end":{"line":139,"column":13}},"82":{"start":{"line":133,"column":16},"end":{"line":133,"column":87}},"83":{"start":{"line":134,"column":16},"end":{"line":134,"column":86}},"84":{"start":{"line":135,"column":16},"end":{"line":135,"column":87}},"85":{"start":{"line":136,"column":16},"end":{"line":136,"column":59}},"86":{"start":{"line":138,"column":16},"end":{"line":138,"column":31}},"87":{"start":{"line":144,"column":22},"end":{"line":144,"column":60}},"88":{"start":{"line":144,"column":43},"end":{"line":144,"column":59}},"89":{"start":{"line":145,"column":8},"end":{"line":160,"column":9}},"90":{"start":{"line":146,"column":12},"end":{"line":146,"column":68}},"91":{"start":{"line":148,"column":12},"end":{"line":150,"column":13}},"92":{"start":{"line":149,"column":16},"end":{"line":149,"column":38}},"93":{"start":{"line":151,"column":12},"end":{"line":153,"column":13}},"94":{"start":{"line":152,"column":16},"end":{"line":152,"column":43}},"95":{"start":{"line":154,"column":12},"end":{"line":159,"column":13}},"96":{"start":{"line":155,"column":16},"end":{"line":155,"column":86}},"97":{"start":{"line":156,"column":16},"end":{"line":156,"column":59}},"98":{"start":{"line":158,"column":16},"end":{"line":158,"column":31}},"99":{"start":{"line":164,"column":22},"end":{"line":164,"column":60}},"100":{"start":{"line":164,"column":43},"end":{"line":164,"column":59}},"101":{"start":{"line":166,"column":8},"end":{"line":177,"column":9}},"102":{"start":{"line":167,"column":12},"end":{"line":167,"column":70}},"103":{"start":{"line":169,"column":24},"end":{"line":169,"column":32}},"104":{"start":{"line":170,"column":12},"end":{"line":170,"column":67}},"105":{"start":{"line":171,"column":12},"end":{"line":176,"column":13}},"106":{"start":{"line":172,"column":16},"end":{"line":172,"column":87}},"107":{"start":{"line":173,"column":16},"end":{"line":173,"column":83}},"108":{"start":{"line":175,"column":16},"end":{"line":175,"column":31}},"109":{"start":{"line":181,"column":22},"end":{"line":181,"column":60}},"110":{"start":{"line":181,"column":43},"end":{"line":181,"column":59}},"111":{"start":{"line":182,"column":23},"end":{"line":182,"column":63}},"112":{"start":{"line":182,"column":45},"end":{"line":182,"column":62}},"113":{"start":{"line":183,"column":8},"end":{"line":195,"column":9}},"114":{"start":{"line":184,"column":12},"end":{"line":184,"column":94}},"115":{"start":{"line":186,"column":12},"end":{"line":186,"column":76}},"116":{"start":{"line":186,"column":48},"end":{"line":186,"column":75}},"117":{"start":{"line":187,"column":12},"end":{"line":187,"column":66}},"118":{"start":{"line":187,"column":48},"end":{"line":187,"column":65}},"119":{"start":{"line":188,"column":12},"end":{"line":194,"column":13}},"120":{"start":{"line":189,"column":16},"end":{"line":189,"column":87}},"121":{"start":{"line":190,"column":16},"end":{"line":190,"column":87}},"122":{"start":{"line":191,"column":16},"end":{"line":191,"column":61}},"123":{"start":{"line":193,"column":16},"end":{"line":193,"column":31}},"124":{"start":{"line":199,"column":22},"end":{"line":199,"column":60}},"125":{"start":{"line":199,"column":43},"end":{"line":199,"column":59}},"126":{"start":{"line":200,"column":23},"end":{"line":200,"column":63}},"127":{"start":{"line":200,"column":45},"end":{"line":200,"column":62}},"128":{"start":{"line":201,"column":8},"end":{"line":218,"column":9}},"129":{"start":{"line":202,"column":12},"end":{"line":202,"column":94}},"130":{"start":{"line":204,"column":12},"end":{"line":206,"column":13}},"131":{"start":{"line":205,"column":16},"end":{"line":205,"column":39}},"132":{"start":{"line":207,"column":12},"end":{"line":211,"column":13}},"133":{"start":{"line":208,"column":16},"end":{"line":210,"column":17}},"134":{"start":{"line":212,"column":12},"end":{"line":217,"column":13}},"135":{"start":{"line":213,"column":16},"end":{"line":213,"column":87}},"136":{"start":{"line":214,"column":16},"end":{"line":214,"column":60}},"137":{"start":{"line":216,"column":16},"end":{"line":216,"column":31}},"138":{"start":{"line":222,"column":22},"end":{"line":222,"column":60}},"139":{"start":{"line":222,"column":43},"end":{"line":222,"column":59}},"140":{"start":{"line":223,"column":8},"end":{"line":248,"column":9}},"141":{"start":{"line":224,"column":12},"end":{"line":224,"column":67}},"142":{"start":{"line":226,"column":23},"end":{"line":226,"column":73}},"143":{"start":{"line":226,"column":47},"end":{"line":226,"column":72}},"144":{"start":{"line":227,"column":26},"end":{"line":227,"column":49}},"145":{"start":{"line":227,"column":42},"end":{"line":227,"column":48}},"146":{"start":{"line":228,"column":22},"end":{"line":228,"column":81}},"147":{"start":{"line":228,"column":46},"end":{"line":228,"column":80}},"148":{"start":{"line":229,"column":26},"end":{"line":229,"column":108}},"149":{"start":{"line":229,"column":50},"end":{"line":229,"column":107}},"150":{"start":{"line":230,"column":29},"end":{"line":230,"column":55}},"151":{"start":{"line":230,"column":48},"end":{"line":230,"column":54}},"152":{"start":{"line":231,"column":25},"end":{"line":231,"column":87}},"153":{"start":{"line":231,"column":49},"end":{"line":231,"column":86}},"154":{"start":{"line":232,"column":25},"end":{"line":232,"column":27}},"155":{"start":{"line":233,"column":12},"end":{"line":246,"column":14}},"156":{"start":{"line":235,"column":16},"end":{"line":245,"column":17}},"157":{"start":{"line":238,"column":20},"end":{"line":242,"column":21}},"158":{"start":{"line":239,"column":24},"end":{"line":239,"column":83}},"159":{"start":{"line":241,"column":24},"end":{"line":241,"column":31}},"160":{"start":{"line":244,"column":20},"end":{"line":244,"column":77}},"161":{"start":{"line":247,"column":12},"end":{"line":247,"column":50}},"162":{"start":{"line":252,"column":0},"end":{"line":252,"column":22}}},"fnMap":{"0":{"name":"(anonymous_0)","decl":{"start":{"line":8,"column":10},"end":{"line":8,"column":11}},"loc":{"start":{"line":8,"column":28},"end":{"line":10,"column":5}},"line":8},"1":{"name":"(anonymous_1)","decl":{"start":{"line":11,"column":11},"end":{"line":11,"column":12}},"loc":{"start":{"line":11,"column":28},"end":{"line":13,"column":5}},"line":11},"2":{"name":"(anonymous_2)","decl":{"start":{"line":16,"column":10},"end":{"line":16,"column":11}},"loc":{"start":{"line":16,"column":28},"end":{"line":18,"column":5}},"line":16},"3":{"name":"(anonymous_3)","decl":{"start":{"line":19,"column":11},"end":{"line":19,"column":12}},"loc":{"start":{"line":19,"column":28},"end":{"line":21,"column":5}},"line":19},"4":{"name":"(anonymous_4)","decl":{"start":{"line":24,"column":10},"end":{"line":24,"column":11}},"loc":{"start":{"line":24,"column":28},"end":{"line":26,"column":5}},"line":24},"5":{"name":"(anonymous_5)","decl":{"start":{"line":27,"column":11},"end":{"line":27,"column":12}},"loc":{"start":{"line":27,"column":28},"end":{"line":29,"column":5}},"line":27},"6":{"name":"(anonymous_6)","decl":{"start":{"line":32,"column":4},"end":{"line":32,"column":5}},"loc":{"start":{"line":32,"column":20},"end":{"line":34,"column":5}},"line":32},"7":{"name":"(anonymous_7)","decl":{"start":{"line":36,"column":4},"end":{"line":36,"column":5}},"loc":{"start":{"line":36,"column":25},"end":{"line":38,"column":5}},"line":36},"8":{"name":"(anonymous_8)","decl":{"start":{"line":40,"column":4},"end":{"line":40,"column":5}},"loc":{"start":{"line":40,"column":29},"end":{"line":47,"column":5}},"line":40},"9":{"name":"(anonymous_9)","decl":{"start":{"line":41,"column":38},"end":{"line":41,"column":39}},"loc":{"start":{"line":41,"column":47},"end":{"line":41,"column":63}},"line":41},"10":{"name":"(anonymous_10)","decl":{"start":{"line":45,"column":42},"end":{"line":45,"column":43}},"loc":{"start":{"line":45,"column":51},"end":{"line":45,"column":76}},"line":45},"11":{"name":"(anonymous_11)","decl":{"start":{"line":49,"column":4},"end":{"line":49,"column":5}},"loc":{"start":{"line":49,"column":49},"end":{"line":81,"column":5}},"line":49},"12":{"name":"(anonymous_12)","decl":{"start":{"line":58,"column":31},"end":{"line":58,"column":32}},"loc":{"start":{"line":58,"column":45},"end":{"line":66,"column":13}},"line":58},"13":{"name":"(anonymous_13)","decl":{"start":{"line":68,"column":43},"end":{"line":68,"column":44}},"loc":{"start":{"line":68,"column":50},"end":{"line":68,"column":66}},"line":68},"14":{"name":"(anonymous_14)","decl":{"start":{"line":69,"column":45},"end":{"line":69,"column":46}},"loc":{"start":{"line":69,"column":52},"end":{"line":69,"column":77}},"line":69},"15":{"name":"(anonymous_15)","decl":{"start":{"line":83,"column":4},"end":{"line":83,"column":5}},"loc":{"start":{"line":83,"column":47},"end":{"line":120,"column":5}},"line":83},"16":{"name":"(anonymous_16)","decl":{"start":{"line":89,"column":31},"end":{"line":89,"column":32}},"loc":{"start":{"line":89,"column":38},"end":{"line":107,"column":13}},"line":89},"17":{"name":"(anonymous_17)","decl":{"start":{"line":94,"column":43},"end":{"line":94,"column":44}},"loc":{"start":{"line":94,"column":55},"end":{"line":94,"column":87}},"line":94},"18":{"name":"(anonymous_18)","decl":{"start":{"line":98,"column":48},"end":{"line":98,"column":49}},"loc":{"start":{"line":98,"column":59},"end":{"line":98,"column":91}},"line":98},"19":{"name":"(anonymous_19)","decl":{"start":{"line":122,"column":4},"end":{"line":122,"column":5}},"loc":{"start":{"line":122,"column":49},"end":{"line":141,"column":5}},"line":122},"20":{"name":"(anonymous_20)","decl":{"start":{"line":123,"column":33},"end":{"line":123,"column":34}},"loc":{"start":{"line":123,"column":40},"end":{"line":123,"column":56}},"line":123},"21":{"name":"(anonymous_21)","decl":{"start":{"line":127,"column":43},"end":{"line":127,"column":44}},"loc":{"start":{"line":127,"column":50},"end":{"line":127,"column":75}},"line":127},"22":{"name":"(anonymous_22)","decl":{"start":{"line":128,"column":34},"end":{"line":128,"column":35}},"loc":{"start":{"line":128,"column":41},"end":{"line":128,"column":47}},"line":128},"23":{"name":"(anonymous_23)","decl":{"start":{"line":129,"column":41},"end":{"line":129,"column":42}},"loc":{"start":{"line":129,"column":48},"end":{"line":129,"column":83}},"line":129},"24":{"name":"(anonymous_24)","decl":{"start":{"line":130,"column":41},"end":{"line":130,"column":42}},"loc":{"start":{"line":130,"column":48},"end":{"line":130,"column":73}},"line":130},"25":{"name":"(anonymous_25)","decl":{"start":{"line":131,"column":39},"end":{"line":131,"column":40}},"loc":{"start":{"line":131,"column":46},"end":{"line":131,"column":62}},"line":131},"26":{"name":"(anonymous_26)","decl":{"start":{"line":143,"column":4},"end":{"line":143,"column":5}},"loc":{"start":{"line":143,"column":63},"end":{"line":161,"column":5}},"line":143},"27":{"name":"(anonymous_27)","decl":{"start":{"line":144,"column":36},"end":{"line":144,"column":37}},"loc":{"start":{"line":144,"column":43},"end":{"line":144,"column":59}},"line":144},"28":{"name":"(anonymous_28)","decl":{"start":{"line":163,"column":4},"end":{"line":163,"column":5}},"loc":{"start":{"line":163,"column":51},"end":{"line":178,"column":5}},"line":163},"29":{"name":"(anonymous_29)","decl":{"start":{"line":164,"column":36},"end":{"line":164,"column":37}},"loc":{"start":{"line":164,"column":43},"end":{"line":164,"column":59}},"line":164},"30":{"name":"(anonymous_30)","decl":{"start":{"line":180,"column":4},"end":{"line":180,"column":5}},"loc":{"start":{"line":180,"column":57},"end":{"line":196,"column":5}},"line":180},"31":{"name":"(anonymous_31)","decl":{"start":{"line":181,"column":36},"end":{"line":181,"column":37}},"loc":{"start":{"line":181,"column":43},"end":{"line":181,"column":59}},"line":181},"32":{"name":"(anonymous_32)","decl":{"start":{"line":182,"column":38},"end":{"line":182,"column":39}},"loc":{"start":{"line":182,"column":45},"end":{"line":182,"column":62}},"line":182},"33":{"name":"(anonymous_33)","decl":{"start":{"line":186,"column":41},"end":{"line":186,"column":42}},"loc":{"start":{"line":186,"column":48},"end":{"line":186,"column":75}},"line":186},"34":{"name":"(anonymous_34)","decl":{"start":{"line":187,"column":41},"end":{"line":187,"column":42}},"loc":{"start":{"line":187,"column":48},"end":{"line":187,"column":65}},"line":187},"35":{"name":"(anonymous_35)","decl":{"start":{"line":198,"column":4},"end":{"line":198,"column":5}},"loc":{"start":{"line":198,"column":74},"end":{"line":219,"column":5}},"line":198},"36":{"name":"(anonymous_36)","decl":{"start":{"line":199,"column":36},"end":{"line":199,"column":37}},"loc":{"start":{"line":199,"column":43},"end":{"line":199,"column":59}},"line":199},"37":{"name":"(anonymous_37)","decl":{"start":{"line":200,"column":38},"end":{"line":200,"column":39}},"loc":{"start":{"line":200,"column":45},"end":{"line":200,"column":62}},"line":200},"38":{"name":"(anonymous_38)","decl":{"start":{"line":221,"column":4},"end":{"line":221,"column":5}},"loc":{"start":{"line":221,"column":29},"end":{"line":249,"column":5}},"line":221},"39":{"name":"(anonymous_39)","decl":{"start":{"line":222,"column":36},"end":{"line":222,"column":37}},"loc":{"start":{"line":222,"column":43},"end":{"line":222,"column":59}},"line":222},"40":{"name":"(anonymous_40)","decl":{"start":{"line":226,"column":40},"end":{"line":226,"column":41}},"loc":{"start":{"line":226,"column":47},"end":{"line":226,"column":72}},"line":226},"41":{"name":"(anonymous_41)","decl":{"start":{"line":227,"column":35},"end":{"line":227,"column":36}},"loc":{"start":{"line":227,"column":42},"end":{"line":227,"column":48}},"line":227},"42":{"name":"(anonymous_42)","decl":{"start":{"line":228,"column":39},"end":{"line":228,"column":40}},"loc":{"start":{"line":228,"column":46},"end":{"line":228,"column":80}},"line":228},"43":{"name":"(anonymous_43)","decl":{"start":{"line":229,"column":43},"end":{"line":229,"column":44}},"loc":{"start":{"line":229,"column":50},"end":{"line":229,"column":107}},"line":229},"44":{"name":"(anonymous_44)","decl":{"start":{"line":230,"column":41},"end":{"line":230,"column":42}},"loc":{"start":{"line":230,"column":48},"end":{"line":230,"column":54}},"line":230},"45":{"name":"(anonymous_45)","decl":{"start":{"line":231,"column":42},"end":{"line":231,"column":43}},"loc":{"start":{"line":231,"column":49},"end":{"line":231,"column":86}},"line":231},"46":{"name":"(anonymous_46)","decl":{"start":{"line":233,"column":27},"end":{"line":233,"column":28}},"loc":{"start":{"line":233,"column":32},"end":{"line":246,"column":13}},"line":233}},"branchMap":{"0":{"loc":{"start":{"line":42,"column":8},"end":{"line":44,"column":9}},"type":"if","locations":[{"start":{"line":42,"column":8},"end":{"line":44,"column":9}},{"start":{"line":42,"column":8},"end":{"line":44,"column":9}}],"line":42},"1":{"loc":{"start":{"line":51,"column":8},"end":{"line":80,"column":9}},"type":"if","locations":[{"start":{"line":51,"column":8},"end":{"line":80,"column":9}},{"start":{"line":51,"column":8},"end":{"line":80,"column":9}}],"line":51},"2":{"loc":{"start":{"line":51,"column":12},"end":{"line":51,"column":219}},"type":"binary-expr","locations":[{"start":{"line":51,"column":12},"end":{"line":51,"column":33}},{"start":{"line":51,"column":37},"end":{"line":51,"column":53}},{"start":{"line":51,"column":57},"end":{"line":51,"column":81}},{"start":{"line":51,"column":85},"end":{"line":51,"column":104}},{"start":{"line":51,"column":108},"end":{"line":51,"column":219}}],"line":51},"3":{"loc":{"start":{"line":51,"column":110},"end":{"line":51,"column":218}},"type":"binary-expr","locations":[{"start":{"line":51,"column":110},"end":{"line":51,"column":142}},{"start":{"line":51,"column":146},"end":{"line":51,"column":177}},{"start":{"line":51,"column":181},"end":{"line":51,"column":218}}],"line":51},"4":{"loc":{"start":{"line":60,"column":16},"end":{"line":62,"column":17}},"type":"if","locations":[{"start":{"line":60,"column":16},"end":{"line":62,"column":17}},{"start":{"line":60,"column":16},"end":{"line":62,"column":17}}],"line":60},"5":{"loc":{"start":{"line":60,"column":20},"end":{"line":60,"column":140}},"type":"binary-expr","locations":[{"start":{"line":60,"column":20},"end":{"line":60,"column":42}},{"start":{"line":60,"column":46},"end":{"line":60,"column":63}},{"start":{"line":60,"column":67},"end":{"line":60,"column":140}}],"line":60},"6":{"loc":{"start":{"line":60,"column":69},"end":{"line":60,"column":139}},"type":"binary-expr","locations":[{"start":{"line":60,"column":69},"end":{"line":60,"column":101}},{"start":{"line":60,"column":105},"end":{"line":60,"column":139}}],"line":60},"7":{"loc":{"start":{"line":67,"column":12},"end":{"line":79,"column":13}},"type":"if","locations":[{"start":{"line":67,"column":12},"end":{"line":79,"column":13}},{"start":{"line":67,"column":12},"end":{"line":79,"column":13}}],"line":67},"8":{"loc":{"start":{"line":86,"column":8},"end":{"line":119,"column":9}},"type":"if","locations":[{"start":{"line":86,"column":8},"end":{"line":119,"column":9}},{"start":{"line":86,"column":8},"end":{"line":119,"column":9}}],"line":86},"9":{"loc":{"start":{"line":86,"column":12},"end":{"line":86,"column":59}},"type":"binary-expr","locations":[{"start":{"line":86,"column":12},"end":{"line":86,"column":36}},{"start":{"line":86,"column":40},"end":{"line":86,"column":59}}],"line":86},"10":{"loc":{"start":{"line":91,"column":16},"end":{"line":93,"column":17}},"type":"if","locations":[{"start":{"line":91,"column":16},"end":{"line":93,"column":17}},{"start":{"line":91,"column":16},"end":{"line":93,"column":17}}],"line":91},"11":{"loc":{"start":{"line":91,"column":20},"end":{"line":91,"column":128}},"type":"binary-expr","locations":[{"start":{"line":91,"column":20},"end":{"line":91,"column":37}},{"start":{"line":91,"column":41},"end":{"line":91,"column":53}},{"start":{"line":91,"column":57},"end":{"line":91,"column":128}}],"line":91},"12":{"loc":{"start":{"line":91,"column":59},"end":{"line":91,"column":127}},"type":"binary-expr","locations":[{"start":{"line":91,"column":59},"end":{"line":91,"column":93}},{"start":{"line":91,"column":97},"end":{"line":91,"column":127}}],"line":91},"13":{"loc":{"start":{"line":95,"column":16},"end":{"line":106,"column":17}},"type":"if","locations":[{"start":{"line":95,"column":16},"end":{"line":106,"column":17}},{"start":{"line":95,"column":16},"end":{"line":106,"column":17}}],"line":95},"14":{"loc":{"start":{"line":95,"column":20},"end":{"line":95,"column":49}},"type":"binary-expr","locations":[{"start":{"line":95,"column":20},"end":{"line":95,"column":39}},{"start":{"line":95,"column":43},"end":{"line":95,"column":49}}],"line":95},"15":{"loc":{"start":{"line":99,"column":20},"end":{"line":105,"column":21}},"type":"if","locations":[{"start":{"line":99,"column":20},"end":{"line":105,"column":21}},{"start":{"line":99,"column":20},"end":{"line":105,"column":21}}],"line":99},"16":{"loc":{"start":{"line":108,"column":12},"end":{"line":118,"column":13}},"type":"if","locations":[{"start":{"line":108,"column":12},"end":{"line":118,"column":13}},{"start":{"line":108,"column":12},"end":{"line":118,"column":13}}],"line":108},"17":{"loc":{"start":{"line":124,"column":8},"end":{"line":140,"column":9}},"type":"if","locations":[{"start":{"line":124,"column":8},"end":{"line":140,"column":9}},{"start":{"line":124,"column":8},"end":{"line":140,"column":9}}],"line":124},"18":{"loc":{"start":{"line":124,"column":12},"end":{"line":124,"column":59}},"type":"binary-expr","locations":[{"start":{"line":124,"column":12},"end":{"line":124,"column":30}},{"start":{"line":124,"column":34},"end":{"line":124,"column":59}}],"line":124},"19":{"loc":{"start":{"line":145,"column":8},"end":{"line":160,"column":9}},"type":"if","locations":[{"start":{"line":145,"column":8},"end":{"line":160,"column":9}},{"start":{"line":145,"column":8},"end":{"line":160,"column":9}}],"line":145},"20":{"loc":{"start":{"line":145,"column":12},"end":{"line":145,"column":65}},"type":"binary-expr","locations":[{"start":{"line":145,"column":12},"end":{"line":145,"column":33}},{"start":{"line":145,"column":37},"end":{"line":145,"column":65}}],"line":145},"21":{"loc":{"start":{"line":148,"column":12},"end":{"line":150,"column":13}},"type":"if","locations":[{"start":{"line":148,"column":12},"end":{"line":150,"column":13}},{"start":{"line":148,"column":12},"end":{"line":150,"column":13}}],"line":148},"22":{"loc":{"start":{"line":151,"column":12},"end":{"line":153,"column":13}},"type":"if","locations":[{"start":{"line":151,"column":12},"end":{"line":153,"column":13}},{"start":{"line":151,"column":12},"end":{"line":153,"column":13}}],"line":151},"23":{"loc":{"start":{"line":166,"column":8},"end":{"line":177,"column":9}},"type":"if","locations":[{"start":{"line":166,"column":8},"end":{"line":177,"column":9}},{"start":{"line":166,"column":8},"end":{"line":177,"column":9}}],"line":166},"24":{"loc":{"start":{"line":166,"column":12},"end":{"line":166,"column":132}},"type":"binary-expr","locations":[{"start":{"line":166,"column":12},"end":{"line":166,"column":33}},{"start":{"line":166,"column":37},"end":{"line":166,"column":65}},{"start":{"line":166,"column":69},"end":{"line":166,"column":132}}],"line":166},"25":{"loc":{"start":{"line":166,"column":71},"end":{"line":166,"column":131}},"type":"binary-expr","locations":[{"start":{"line":166,"column":71},"end":{"line":166,"column":98}},{"start":{"line":166,"column":102},"end":{"line":166,"column":131}}],"line":166},"26":{"loc":{"start":{"line":183,"column":8},"end":{"line":195,"column":9}},"type":"if","locations":[{"start":{"line":183,"column":8},"end":{"line":195,"column":9}},{"start":{"line":183,"column":8},"end":{"line":195,"column":9}}],"line":183},"27":{"loc":{"start":{"line":183,"column":12},"end":{"line":183,"column":91}},"type":"binary-expr","locations":[{"start":{"line":183,"column":12},"end":{"line":183,"column":33}},{"start":{"line":183,"column":37},"end":{"line":183,"column":59}},{"start":{"line":183,"column":63},"end":{"line":183,"column":91}}],"line":183},"28":{"loc":{"start":{"line":201,"column":8},"end":{"line":218,"column":9}},"type":"if","locations":[{"start":{"line":201,"column":8},"end":{"line":218,"column":9}},{"start":{"line":201,"column":8},"end":{"line":218,"column":9}}],"line":201},"29":{"loc":{"start":{"line":201,"column":12},"end":{"line":201,"column":91}},"type":"binary-expr","locations":[{"start":{"line":201,"column":12},"end":{"line":201,"column":33}},{"start":{"line":201,"column":37},"end":{"line":201,"column":59}},{"start":{"line":201,"column":63},"end":{"line":201,"column":91}}],"line":201},"30":{"loc":{"start":{"line":204,"column":12},"end":{"line":206,"column":13}},"type":"if","locations":[{"start":{"line":204,"column":12},"end":{"line":206,"column":13}},{"start":{"line":204,"column":12},"end":{"line":206,"column":13}}],"line":204},"31":{"loc":{"start":{"line":207,"column":12},"end":{"line":211,"column":13}},"type":"if","locations":[{"start":{"line":207,"column":12},"end":{"line":211,"column":13}},{"start":{"line":207,"column":12},"end":{"line":211,"column":13}}],"line":207},"32":{"loc":{"start":{"line":223,"column":8},"end":{"line":248,"column":9}},"type":"if","locations":[{"start":{"line":223,"column":8},"end":{"line":248,"column":9}},{"start":{"line":223,"column":8},"end":{"line":248,"column":9}}],"line":223},"33":{"loc":{"start":{"line":229,"column":50},"end":{"line":229,"column":107}},"type":"binary-expr","locations":[{"start":{"line":229,"column":50},"end":{"line":229,"column":75}},{"start":{"line":229,"column":79},"end":{"line":229,"column":107}}],"line":229},"34":{"loc":{"start":{"line":235,"column":16},"end":{"line":245,"column":17}},"type":"if","locations":[{"start":{"line":235,"column":16},"end":{"line":245,"column":17}},{"start":{"line":235,"column":16},"end":{"line":245,"column":17}}],"line":235},"35":{"loc":{"start":{"line":238,"column":20},"end":{"line":242,"column":21}},"type":"if","locations":[{"start":{"line":238,"column":20},"end":{"line":242,"column":21}},{"start":{"line":238,"column":20},"end":{"line":242,"column":21}}],"line":238}},"s":{"0":1,"1":1,"2":1,"3":1,"4":1,"5":0,"6":1,"7":1,"8":0,"9":1,"10":1,"11":0,"12":0,"13":1,"14":0,"15":0,"16":0,"17":0,"18":0,"19":0,"20":0,"21":0,"22":0,"23":0,"24":0,"25":0,"26":0,"27":0,"28":0,"29":0,"30":0,"31":0,"32":0,"33":0,"34":0,"35":0,"36":0,"37":0,"38":0,"39":0,"40":0,"41":0,"42":0,"43":0,"44":0,"45":0,"46":0,"47":0,"48":0,"49":0,"50":0,"51":0,"52":0,"53":0,"54":0,"55":0,"56":0,"57":0,"58":0,"59":0,"60":0,"61":0,"62":0,"63":0,"64":0,"65":0,"66":0,"67":0,"68":0,"69":0,"70":0,"71":0,"72":0,"73":0,"74":0,"75":0,"76":0,"77":0,"78":0,"79":0,"80":0,"81":0,"82":0,"83":0,"84":0,"85":0,"86":0,"87":0,"88":0,"89":0,"90":0,"91":0,"92":0,"93":0,"94":0,"95":0,"96":0,"97":0,"98":0,"99":0,"100":0,"101":0,"102":0,"103":0,"104":0,"105":0,"106":0,"107":0,"108":0,"109":0,"110":0,"111":0,"112":0,"113":0,"114":0,"115":0,"116":0,"117":0,"118":0,"119":0,"120":0,"121":0,"122":0,"123":0,"124":0,"125":0,"126":0,"127":0,"128":0,"129":0,"130":0,"131":0,"132":0,"133":0,"134":0,"135":0,"136":0,"137":0,"138":0,"139":0,"140":0,"141":0,"142":0,"143":0,"144":0,"145":0,"146":0,"147":0,"148":0,"149":0,"150":0,"151":0,"152":0,"153":0,"154":0,"155":0,"156":0,"157":0,"158":0,"159":0,"160":0,"161":0,"162":1},"f":{"0":1,"1":0,"2":1,"3":0,"4":1,"5":0,"6":0,"7":1,"8":0,"9":0,"10":0,"11":0,"12":0,"13":0,"14":0,"15":0,"16":0,"17":0,"18":0,"19":0,"20":0,"21":0,"22":0,"23":0,"24":0,"25":0,"26":0,"27":0,"28":0,"29":0,"30":0,"31":0,"32":0,"33":0,"34":0,"35":0,"36":0,"37":0,"38":0,"39":0,"40":0,"41":0,"42":0,"43":0,"44":0,"45":0,"46":0},"b":{"0":[0,0],"1":[0,0],"2":[0,0,0,0,0],"3":[0,0,0],"4":[0,0],"5":[0,0,0],"6":[0,0],"7":[0,0],"8":[0,0],"9":[0,0],"10":[0,0],"11":[0,0,0],"12":[0,0],"13":[0,0],"14":[0,0],"15":[0,0],"16":[0,0],"17":[0,0],"18":[0,0],"19":[0,0],"20":[0,0],"21":[0,0],"22":[0,0],"23":[0,0],"24":[0,0,0],"25":[0,0],"26":[0,0],"27":[0,0,0],"28":[0,0],"29":[0,0,0],"30":[0,0],"31":[0,0],"32":[0,0],"33":[0,0],"34":[0,0],"35":[0,0]},"_coverageSchema":"1a1c01bbd47fc00a2c39e90264f33305004495a9","hash":"ad0fe4fa790005cfa8e48eeca3d9f594474ee0a6"}
,"/home/katoto/version/JSAU/jsau-webserver/routes/index.js": {"path":"/home/katoto/version/JSAU/jsau-webserver/routes/index.js","statementMap":{"0":{"start":{"line":1,"column":14},"end":{"line":1,"column":32}},"1":{"start":{"line":2,"column":23},"end":{"line":2,"column":49}},"2":{"start":{"line":3,"column":13},"end":{"line":3,"column":29}},"3":{"start":{"line":4,"column":17},"end":{"line":4,"column":53}},"4":{"start":{"line":6,"column":0},"end":{"line":6,"column":37}},"5":{"start":{"line":8,"column":0},"end":{"line":8,"column":32}},"6":{"start":{"line":10,"column":0},"end":{"line":10,"column":43}},"7":{"start":{"line":12,"column":0},"end":{"line":12,"column":46}},"8":{"start":{"line":14,"column":0},"end":{"line":14,"column":46}},"9":{"start":{"line":16,"column":0},"end":{"line":16,"column":47}},"10":{"start":{"line":18,"column":0},"end":{"line":18,"column":47}},"11":{"start":{"line":20,"column":0},"end":{"line":20,"column":52}},"12":{"start":{"line":22,"column":0},"end":{"line":22,"column":46}},"13":{"start":{"line":24,"column":0},"end":{"line":24,"column":46}},"14":{"start":{"line":26,"column":0},"end":{"line":26,"column":52}},"15":{"start":{"line":28,"column":0},"end":{"line":28,"column":47}},"16":{"start":{"line":30,"column":0},"end":{"line":30,"column":24}}},"fnMap":{},"branchMap":{},"s":{"0":1,"1":1,"2":1,"3":1,"4":1,"5":1,"6":1,"7":1,"8":1,"9":1,"10":1,"11":1,"12":1,"13":1,"14":1,"15":1,"16":1},"f":{},"b":{},"_coverageSchema":"1a1c01bbd47fc00a2c39e90264f33305004495a9","hash":"c5c59113f668a9606e263b0d666257ab2f856a4c"}
}
