TN:
SF:app.js
FN:26,(anonymous_0)
FN:31,(anonymous_1)
FNF:2
FNH:2
FNDA:1,(anonymous_0)
FNDA:1,(anonymous_1)
DA:2,1
DA:3,1
DA:4,1
DA:5,1
DA:6,1
DA:7,1
DA:9,1
DA:11,1
DA:13,1
DA:18,1
DA:19,1
DA:20,1
DA:21,1
DA:22,1
DA:24,1
DA:26,1
DA:27,1
DA:31,1
DA:32,1
DA:33,1
DA:34,1
DA:40,1
LF:22
LH:22
BRF:0
BRH:0
end_of_record
TN:
SF:bin/pathJson.js
FNF:0
FNH:0
DA:2,1
DA:4,1
LF:2
LH:2
BRF:0
BRH:0
end_of_record
TN:
SF:controllers/controller.js
FN:5,(anonymous_0)
FN:8,(anonymous_1)
FN:9,(anonymous_2)
FN:34,(anonymous_3)
FN:35,(anonymous_4)
FN:57,(anonymous_5)
FN:60,(anonymous_6)
FN:72,(anonymous_7)
FN:75,(anonymous_8)
FN:76,(anonymous_9)
FN:84,(anonymous_10)
FN:93,(anonymous_11)
FN:101,(anonymous_12)
FN:102,(anonymous_13)
FN:110,(anonymous_14)
FN:111,(anonymous_15)
FN:119,(anonymous_16)
FN:120,(anonymous_17)
FN:128,(anonymous_18)
FN:129,(anonymous_19)
FN:137,(anonymous_20)
FN:138,(anonymous_21)
FNF:22
FNH:22
FNDA:1,(anonymous_0)
FNDA:1,(anonymous_1)
FNDA:1,(anonymous_2)
FNDA:2,(anonymous_3)
FNDA:2,(anonymous_4)
FNDA:3,(anonymous_5)
FNDA:1,(anonymous_6)
FNDA:2,(anonymous_7)
FNDA:2,(anonymous_8)
FNDA:2,(anonymous_9)
FNDA:2,(anonymous_10)
FNDA:2,(anonymous_11)
FNDA:2,(anonymous_12)
FNDA:2,(anonymous_13)
FNDA:2,(anonymous_14)
FNDA:2,(anonymous_15)
FNDA:2,(anonymous_16)
FNDA:2,(anonymous_17)
FNDA:2,(anonymous_18)
FNDA:2,(anonymous_19)
FNDA:2,(anonymous_20)
FNDA:2,(anonymous_21)
DA:2,1
DA:4,1
DA:6,1
DA:9,1
DA:10,1
DA:31,1
DA:35,2
DA:36,2
DA:37,1
DA:39,1
DA:50,1
DA:51,1
DA:52,1
DA:53,1
DA:58,3
DA:59,1
DA:60,1
DA:69,2
DA:73,2
DA:74,2
DA:75,2
DA:76,2
DA:77,2
DA:78,1
DA:80,1
DA:85,2
DA:86,2
DA:87,2
DA:93,2
DA:94,2
DA:95,1
DA:97,1
DA:102,2
DA:103,2
DA:104,1
DA:106,1
DA:111,2
DA:112,2
DA:113,1
DA:115,1
DA:120,2
DA:121,2
DA:122,1
DA:124,1
DA:129,2
DA:130,2
DA:131,1
DA:133,1
DA:138,2
DA:140,2
DA:141,1
DA:147,1
DA:156,2
LF:53
LH:53
BRDA:36,0,0,1
BRDA:36,0,1,1
BRDA:58,1,0,1
BRDA:58,1,1,2
BRDA:58,2,0,3
BRDA:58,2,1,2
BRDA:58,2,2,2
BRDA:77,3,0,1
BRDA:77,3,1,1
BRDA:94,4,0,1
BRDA:94,4,1,1
BRDA:103,5,0,1
BRDA:103,5,1,1
BRDA:112,6,0,1
BRDA:112,6,1,1
BRDA:121,7,0,1
BRDA:121,7,1,1
BRDA:130,8,0,1
BRDA:130,8,1,1
BRDA:140,9,0,1
BRDA:140,9,1,1
BRF:21
BRH:21
end_of_record
TN:
SF:routes/index.js
FNF:0
FNH:0
DA:2,1
DA:3,1
DA:4,1
DA:5,1
DA:7,1
DA:9,1
DA:11,1
DA:13,1
DA:15,1
DA:17,1
DA:19,1
DA:21,1
DA:23,1
DA:25,1
DA:27,1
DA:29,1
DA:31,1
LF:17
LH:17
BRF:0
BRH:0
end_of_record
